<?xml version="1.0" encoding="UTF-8"?>
<testng-results ignored="0" total="1" passed="1" failed="0" skipped="0">
  <reporter-output>
  </reporter-output>
  <suite started-at="2023-11-25T12:03:59 IST" name="Suite" finished-at="2023-11-25T12:04:02 IST" duration-ms="3041">
    <groups>
    </groups>
    <test started-at="2023-11-25T12:03:59 IST" name="Test" finished-at="2023-11-25T12:04:02 IST" duration-ms="3041">
      <class name="Day01.FirstGetRequest">
        <test-method signature="testOne()[pri:0, instance:Day01.FirstGetRequest@3cc2931c]" started-at="2023-11-25T12:03:59 IST" name="testOne" finished-at="2023-11-25T12:04:02 IST" duration-ms="2988" status="PASS">
          <reporter-output>
          </reporter-output>
        </test-method> <!-- testOne -->
      </class> <!-- Day01.FirstGetRequest -->
    </test> <!-- Test -->
  </suite> <!-- Suite -->
</testng-results>
