<?xml version="1.0" encoding="UTF-8"?>
<testng-results ignored="0" total="1" passed="1" failed="0" skipped="0">
  <reporter-output>
  </reporter-output>
  <suite started-at="2023-11-25T11:42:42 IST" name="Suite" finished-at="2023-11-25T11:42:45 IST" duration-ms="2760">
    <groups>
    </groups>
    <test started-at="2023-11-25T11:42:42 IST" name="Test" finished-at="2023-11-25T11:42:45 IST" duration-ms="2760">
      <class name="Day01.FirstGetRequest">
        <test-method signature="testOne()[pri:0, instance:Day01.FirstGetRequest@55b7a4e0]" started-at="2023-11-25T11:42:42 IST" name="testOne" finished-at="2023-11-25T11:42:45 IST" duration-ms="2680" status="PASS">
          <reporter-output>
          </reporter-output>
        </test-method> <!-- testOne -->
      </class> <!-- Day01.FirstGetRequest -->
    </test> <!-- Test -->
  </suite> <!-- Suite -->
</testng-results>
